

<!DOCTYPE html>
<html>
<head>
<meta charset="UTF-8">
<meta name="viewport" content="width=device-width, initial-scale=1, shrink-to-fit=no">
<title>MY SPARK REPORT</title>
<link rel="apple-touch-icon" href="https://cdn.jsdelivr.net/gh/extent-framework/extent-github-cdn@b00a2d0486596e73dd7326beacf352c639623a0e/commons/img/logo.png">
<link rel="shortcut icon" href="https://cdn.jsdelivr.net/gh/extent-framework/extent-github-cdn@b00a2d0486596e73dd7326beacf352c639623a0e/commons/img/logo.png">
<link href="https://cdn.jsdelivr.net/gh/extent-framework/extent-github-cdn@d6562a79075e061305ccfdb82f01e5e195e2d307/spark/css/spark-style.css" rel="stylesheet" />
<link href="https://stackpath.bootstrapcdn.com/font-awesome/4.7.0/css/font-awesome.min.css" rel="stylesheet">
<script src="https://cdn.jsdelivr.net/gh/extent-framework/extent-github-cdn@7cc78ce/spark/js/jsontree.js"></script>
<style type="text/css"></style></head><body class="spa bdd-report standard">
  <div class="app">
    <div class="layout">
<div class="header navbar">
<div class="vheader">
<div class="nav-logo">
<a href="#">
<div class="logo" style="background-image: url('https://cdn.jsdelivr.net/gh/extent-framework/extent-github-cdn@b00a2d0486596e73dd7326beacf352c639623a0e/commons/img/logo.png')"></div>
</a>
</div>
<ul class="nav-left">
<li class="search-box">
<a class="search-toggle" href="#">
<i class="search-icon fa fa-search"></i>
<i class="search-icon-close fa fa-close"></i>
</a>
</li>
<li class="search-input"><input id="search-tests" class="form-control" type="text" placeholder="Search..."></li>
</ul>
<ul class="nav-right">
<li class="m-r-10">
<a href="#"><span class="badge badge-primary">Smoke Test Report</span></a>
</li>
<li class="m-r-10">
<a href="#"><span class="badge badge-primary">Dec 18, 2023 12:17:35 PM</span></a>
</li>
</ul>
</div>
</div><div class="side-nav">
<div class="side-nav-inner">
<ul class="side-nav-menu">
<li class="nav-item dropdown" onclick="toggleView('dashboard-view')">
<a id="nav-dashboard" class="dropdown-toggle" href="#">
<span class="ico"><i class="fa fa-bar-chart"></i></span>
</a>
</li>
<li class="nav-item dropdown" onclick="toggleView('test-view')">
<a id="nav-test" class="dropdown-toggle" href="#">
<span class="ico"><i class="fa fa-list"></i></span>
</a>
</li>
<li class="nav-item dropdown" onclick="toggleView('category-view')">
<a id="nav-category" class="dropdown-toggle" href="#">
<span class="ico"><i class="fa fa-tag"></i></span>
</a>
</li>
<li class="nav-item dropdown" onclick="toggleView('exception-view')">
<a id="nav-exception" class="dropdown-toggle" href="#">
<span class="ico"><i class="fa fa-bug"></i></span>
</a>
</li>
</ul>
</div>
</div>      <div class="vcontainer">
        <div class="main-content">
<div class="container-fluid p-4 view dashboard-view">
<div class="row">
<div class="col-md-3">
<div class="card"><div class="card-body">
<p class="m-b-0">Started</p>
<h3>Dec 18, 2023 12:17:35 PM</h3>
</div></div>
</div>
<div class="col-md-3">
<div class="card"><div class="card-body">
<p class="m-b-0">Ended</p>
<h3>Dec 18, 2023 12:20:24 PM</h3>
</div></div>
</div>
<div class="col-md-3">
<div class="card"><div class="card-body">
<p class="m-b-0 text-pass">Features Passed</p>
<h3>2</h3>
</div></div>
</div>
<div class="col-md-3">
<div class="card"><div class="card-body">
<p class="m-b-0 text-fail">Features Failed</p>
<h3>4</h3>
</div></div>
</div>
</div>
<div class="row">
<div class="col-md-4">
<div class="card">
<div class="card-header">
<h6 class="card-title">Features</h6>
</div>
<div class="card-body">
<div class="">
<canvas id='parent-analysis' width='115' height='90'></canvas>
</div>
</div>
<div class="card-footer">
<div><small data-tooltip='33%'>
<b>2</b> features passed
</small>
</div>
<div>
<small data-tooltip='66%'><b>4</b> features failed,
<b>0</b> skipped, <b data-tooltip='0%'>0</b> others
</small>
</div>
</div>
</div>
</div>
<div class="col-md-4">
<div class="card">
<div class="card-header">
<h6 class="card-title">Scenarios</h6>
</div>
<div class="card-body">
<div class="">
<canvas id='child-analysis' width='115' height='90'></canvas>
</div>
</div>
<div class="card-footer">
<div><small data-tooltip='33%'><b>2</b> scenarios passed</small></div>
<div>
<small data-tooltip='66%'><b>4</b> scenarios failed,
<b>0</b> skipped, <b data-tooltip='%'>0</b> others
</small>
</div>
</div>
</div>
</div>
<div class="col-md-4">
<div class="card">
<div class="card-header">
<h6 class="card-title">Steps</h6>
</div>
<div class="card-body">
<div class="">
<canvas id='grandchild-analysis' width='115' height='90'></canvas>
</div>
</div>
<div class="card-footer">
<div><small data-tooltip='48%'><b>48</b> steps passed</small></div>
<div>
<small data-tooltip='4%'><b>4</b> steps failed,
<b>46</b> skipped, <b data-tooltip='%'>0</b> others
</small>
</div>
</div>
</div>
</div>
</div>
<div class="row"><div class="col-md-12">
<div class="card"><div class="card-header"><p>Timeline</p></div>
<div class="card-body pt-0"><div>
<canvas id="timeline" height="120"></canvas>
</div></div>
</div>
</div></div>
<script>
var timeline = {
"US_22 Add admin.":29.664,"US_22 Add admin.":21.609,"US_22 Add admin.":45.971,"US_22 Add admin.":23.809,"US_22 Add admin.":22.672,"US_22 Add admin.":22.946
};
</script>
<div class="row">
<div class="col-lg-6 col-md-12 category-container">
<div class="card">
<div class="card-header"><p>Tags</p></div>
<div class="card-body pb-0 pt-0"><table class="table table-sm table-bordered">
<thead><tr class="bg-gray"><th>Name</th><th>Passed</th><th>Failed</th><th>Skipped</th><th>Others</th><th>Passed %</th></tr></thead><tbody>
<tr>
<td>@US_22_TC_02F</td>
<td>1</td>
<td>0</td>
<td>0</td>
<td>0</td>
<td>100%</td>
</tr>
<tr>
<td>@US_22_TC_05F</td>
<td>0</td>
<td>1</td>
<td>0</td>
<td>0</td>
<td>0%</td>
</tr>
<tr>
<td>@US_22_TC_04F</td>
<td>0</td>
<td>1</td>
<td>0</td>
<td>0</td>
<td>0%</td>
</tr>
<tr>
<td>@ff</td>
<td>2</td>
<td>4</td>
<td>0</td>
<td>0</td>
<td>33.333%</td>
</tr>
<tr>
<td>@US_22_TC_06F</td>
<td>0</td>
<td>1</td>
<td>0</td>
<td>0</td>
<td>0%</td>
</tr>
<tr>
<td>@US_22_TC_01F</td>
<td>1</td>
<td>0</td>
<td>0</td>
<td>0</td>
<td>100%</td>
</tr>
<tr>
<td>@US_22_TC_03F</td>
<td>0</td>
<td>1</td>
<td>0</td>
<td>0</td>
<td>0%</td>
</tr>
</tbody>
</table></div>
</div>
</div>
<div class="col-lg-6 col-md-12 sysenv-container">
<div class="card">
<div class="card-header"><p>System/Environment</p></div>
<div class="card-body pb-0 pt-0"><table class="table table-sm table-bordered">
<thead><tr class="bg-gray"><th>Name</th><th>Value</th></tr></thead>
<tbody>
<tr>
<td>os</td>
<td>Windows</td>
</tr>
</tbody>
</table></div>
</div>
</div>
</div>
</div>
<script>
var statusGroup = {
parentCount: 5,
passParent: 2,
failParent: 4,
warningParent: 0,
skipParent: 0,
childCount: 5,
passChild: 2,
failChild: 4,
warningChild: 0,
skipChild: 0,
infoChild: 0,
grandChildCount: 5,
passGrandChild: 48,
failGrandChild: 4,
warningGrandChild: 0,
skipGrandChild: 46,
infoGrandChild: 0,
eventsCount: 5,
};
</script><div class="test-wrapper row view test-view">
  <div class="test-list">
    <div class="test-list-tools">
<ul class="tools pull-left">
<li><a href="#"><span class="font-size-14">Tests</span></a></li>
</ul>
<ul class="tools text-right">
<li class="dropdown">
<a href="#" class="dropdown-toggle" data-toggle="dropdown"><i class="fa fa-exclamation-circle"></i></a>
<ul id="status-toggle" class="dropdown-menu dropdown-md p-v-0">
<a class="dropdown-item" status="pass" href="#"><span>Pass</span><span class="status success"></span></a>
<a class="dropdown-item" status="fail" href="#"><span>Fail</span><span class="status danger"></span></a>
<div class="dropdown-divider"></div>
<a status="clear" class="dropdown-item" href="#"><span>Clear</span><span class="pull-right"><i class="fa fa-close"></i></span></a>
</ul>
</li>
<li class="dropdown">
<a href="#" class="dropdown-toggle" data-toggle="dropdown"><i class="fa fa-tag"></i></a>
<ul id="tag-toggle" class="dropdown-menu dropdown-md p-v-0">
<a class="dropdown-item" href="#">@US_22_TC_02F</a><a class="dropdown-item" href="#">@US_22_TC_05F</a><a class="dropdown-item" href="#">@US_22_TC_04F</a><a class="dropdown-item" href="#">@ff</a><a class="dropdown-item" href="#">@US_22_TC_06F</a><a class="dropdown-item" href="#">@US_22_TC_01F</a><a class="dropdown-item" href="#">@US_22_TC_03F</a>
</ul>
</li>
</ul>
</div>    <div class="test-list-wrapper scrollable">
      <ul class="test-list-item">
        <li class="test-item"  status="pass" test-id="1"
          author=""
          tag=""
          device="">
          <div class="test-detail">
            <p class="name">US_22 Add admin.</p>
            <p class="text-sm">
              <span>12:17:36 PM</span> / <span>00:00:29:664</span>
              <span class="badge pass-bg log float-right">Pass</span>
            </p>
          </div>
          <div class="test-contents d-none">
<div class="detail-head">
<div class="p-v-10">
<div class="info">
<h5 class="test-status text-pass">US_22 Add admin.</h5>
<span class='badge badge-success'>12.18.2023 12:17:36 PM</span>
<span class='badge badge-danger'>12.18.2023 12:18:06 PM</span>
<span class='badge badge-default'>00:00:29:664</span>
&middot; <span class='uri-anchor badge badge-default'>#test-id=1</span>
<span class='badge badge-default pointer float-right ml-1 et'><i class="fa fa-chevron-down"></i></span>
<span class='badge badge-default pointer float-right ct'><i class="fa fa-chevron-up"></i></span>
</div>
<div class="m-t-10 m-l-5"></div>
</div>
</div>
<div class="accordion mt-4">
  <div class="card">
    <div class="card-header" role="tab">
      <div class="card-title">
        <div class="node" id="2"><span class="badge log pass-bg mr-2">Pass</span>TC_01 User can add admin successfully</div>
      </div>
    </div>
        <div class="collapse">
          <div class="card-body">
              <div class="step pass-bg" title="stepdefinitions.US_22_fatma.US_22.user_goes_to_the(java.lang.String)">
                <span>Given User goes to the "https://managementonschools.com/"</span>
      <div>
      </div>
              </div>
              <div class="step pass-bg" title="stepdefinitions.US_22_fatma.US_22.click_on_login_button()">
                <span>When click on login button</span>
      <div>
      </div>
              </div>
              <div class="step pass-bg" title="stepdefinitions.US_22_fatma.US_22.enter_the_username(java.lang.String)">
                <span>And enter the username "AdminProject13"</span>
      <div>
      </div>
              </div>
              <div class="step pass-bg" title="stepdefinitions.US_22_fatma.US_22.enter_the_password(java.lang.String)">
                <span>And enter the password "Project13+"</span>
      <div>
      </div>
              </div>
              <div class="step pass-bg" title="stepdefinitions.US_22_fatma.US_22.click_on_login()">
                <span>And click on login</span>
      <div>
      </div>
              </div>
              <div class="step pass-bg" title="stepdefinitions.US_22_fatma.US_22.must_see_the_on_the_page()">
                <span>Then must see the Add Admin on the page</span>
      <div>
      </div>
              </div>
              <div class="step pass-bg" title="stepdefinitions.US_22_fatma.US_22.user_enters_a_name()">
                <span>And User enters a name</span>
      <div>
      </div>
              </div>
              <div class="step pass-bg" title="stepdefinitions.US_22_fatma.US_22.user_enters_a_surname()">
                <span>And User  enters a surname</span>
      <div>
      </div>
              </div>
              <div class="step pass-bg" title="stepdefinitions.US_22_fatma.US_22.user_enters_a_birth_place()">
                <span>And User enters a birth place</span>
      <div>
      </div>
              </div>
              <div class="step pass-bg" title="stepdefinitions.US_22_fatma.US_22.user_chooses_a_gender_clicks_on_male_or_female()">
                <span>And User chooses a gender (clicks on male or female)</span>
      <div>
      </div>
              </div>
              <div class="step pass-bg" title="stepdefinitions.US_22_fatma.US_22.user_enters_a_birth_date()">
                <span>And User enters a birth date</span>
      <div>
      </div>
              </div>
              <div class="step pass-bg" title="stepdefinitions.US_22_fatma.US_22.user_enters_a_phone_number_as_required()">
                <span>And User enters a phone number as required</span>
      <div>
      </div>
              </div>
              <div class="step pass-bg" title="stepdefinitions.US_22_fatma.US_22.user_enters_a_ssn_as_required()">
                <span>And User enters a SSN as required</span>
      <div>
      </div>
              </div>
              <div class="step pass-bg" title="stepdefinitions.US_22_fatma.US_22.user_enters_an_username()">
                <span>And User enters an username</span>
      <div>
      </div>
              </div>
              <div class="step pass-bg" title="stepdefinitions.US_22_fatma.US_22.user_enters_a_password_as_required()">
                <span>And User enters a password as required</span>
      <div>
      </div>
              </div>
              <div class="step pass-bg" title="stepdefinitions.US_22_fatma.US_22.user_clicks_on_the_submit_button()">
                <span>And User clicks on the submit button</span>
      <div>
      </div>
              </div>
              <div class="step pass-bg" title="stepdefinitions.US_22_fatma.US_22.user_must_see_the_message()">
                <span>And user must see the Admin Saved message</span>
      <div>
      </div>
              </div>
          </div>
        </div>
  </div>
</div>
          </div>
        </li>
        <li class="test-item"  status="pass" test-id="22"
          author=""
          tag=""
          device="">
          <div class="test-detail">
            <p class="name">US_22 Add admin.</p>
            <p class="text-sm">
              <span>12:18:06 PM</span> / <span>00:00:21:609</span>
              <span class="badge pass-bg log float-right">Pass</span>
            </p>
          </div>
          <div class="test-contents d-none">
<div class="detail-head">
<div class="p-v-10">
<div class="info">
<h5 class="test-status text-pass">US_22 Add admin.</h5>
<span class='badge badge-success'>12.18.2023 12:18:06 PM</span>
<span class='badge badge-danger'>12.18.2023 12:18:28 PM</span>
<span class='badge badge-default'>00:00:21:609</span>
&middot; <span class='uri-anchor badge badge-default'>#test-id=22</span>
<span class='badge badge-default pointer float-right ml-1 et'><i class="fa fa-chevron-down"></i></span>
<span class='badge badge-default pointer float-right ct'><i class="fa fa-chevron-up"></i></span>
</div>
<div class="m-t-10 m-l-5"></div>
</div>
</div>
<div class="accordion mt-4">
  <div class="card">
    <div class="card-header" role="tab">
      <div class="card-title">
        <div class="node" id="23"><span class="badge log pass-bg mr-2">Pass</span>TC_02 User leaves the blank everything</div>
      </div>
    </div>
        <div class="collapse">
          <div class="card-body">
              <div class="step pass-bg" title="stepdefinitions.US_22_fatma.US_22.user_goes_to_the(java.lang.String)">
                <span>Given User goes to the "https://managementonschools.com/"</span>
      <div>
      </div>
              </div>
              <div class="step pass-bg" title="stepdefinitions.US_22_fatma.US_22.click_on_login_button()">
                <span>When click on login button</span>
      <div>
      </div>
              </div>
              <div class="step pass-bg" title="stepdefinitions.US_22_fatma.US_22.enter_the_username(java.lang.String)">
                <span>And enter the username "AdminProject13"</span>
      <div>
      </div>
              </div>
              <div class="step pass-bg" title="stepdefinitions.US_22_fatma.US_22.enter_the_password(java.lang.String)">
                <span>And enter the password "Project13+"</span>
      <div>
      </div>
              </div>
              <div class="step pass-bg" title="stepdefinitions.US_22_fatma.US_22.click_on_login()">
                <span>And click on login</span>
      <div>
      </div>
              </div>
              <div class="step pass-bg" title="stepdefinitions.US_22_fatma.US_22.must_see_the_on_the_page()">
                <span>Then must see the Add Admin on the page</span>
      <div>
      </div>
              </div>
              <div class="step pass-bg" title="stepdefinitions.US_22_fatma.US_22.user_directly_clicks_on_the_submit_button()">
                <span>And User directly clicks on the submit button</span>
      <div>
      </div>
              </div>
              <div class="step pass-bg" title="stepdefinitions.US_22_fatma.US_22.verify_that_the_user_sees_a_red_warning_each_box()">
                <span>Then verify that the user sees a red Required warning each box</span>
      <div>
      </div>
              </div>
          </div>
        </div>
  </div>
</div>
          </div>
        </li>
        <li class="test-item"  status="fail" test-id="34"
          author=""
          tag=""
          device="">
          <div class="test-detail">
            <p class="name">US_22 Add admin.</p>
            <p class="text-sm">
              <span>12:18:28 PM</span> / <span>00:00:45:971</span>
              <span class="badge fail-bg log float-right">Fail</span>
            </p>
          </div>
          <div class="test-contents d-none">
<div class="detail-head">
<div class="p-v-10">
<div class="info">
<h5 class="test-status text-fail">US_22 Add admin.</h5>
<span class='badge badge-success'>12.18.2023 12:18:28 PM</span>
<span class='badge badge-danger'>12.18.2023 12:19:14 PM</span>
<span class='badge badge-default'>00:00:45:971</span>
&middot; <span class='uri-anchor badge badge-default'>#test-id=34</span>
<span class='badge badge-default pointer float-right ml-1 et'><i class="fa fa-chevron-down"></i></span>
<span class='badge badge-default pointer float-right ct'><i class="fa fa-chevron-up"></i></span>
</div>
<div class="m-t-10 m-l-5"></div>
</div>
</div>
<div class="accordion mt-4">
  <div class="card">
    <div class="card-header" role="tab">
      <div class="card-title">
        <div class="node" id="35"><span class="badge log fail-bg mr-2">Fail</span>Testing the gender section</div>
          <div class="status-avatar float-right mr-4">
            <i class="fa fa-paperclip"></i>
          </div>
      </div>
    </div>
        <div class="">
          <div class="card-body">
              <div class="step pass-bg" title="stepdefinitions.US_22_fatma.US_22.user_goes_to_the(java.lang.String)">
                <span>Given User goes to the "https://managementonschools.com/"</span>
      <div>
      </div>
              </div>
              <div class="step pass-bg" title="stepdefinitions.US_22_fatma.US_22.click_on_login_button()">
                <span>When click on login button</span>
      <div>
      </div>
              </div>
              <div class="step pass-bg" title="stepdefinitions.US_22_fatma.US_22.enter_the_username(java.lang.String)">
                <span>And enter the username "AdminProject13"</span>
      <div>
      </div>
              </div>
              <div class="step pass-bg" title="stepdefinitions.US_22_fatma.US_22.enter_the_password(java.lang.String)">
                <span>And enter the password "Project13+"</span>
      <div>
      </div>
              </div>
              <div class="step pass-bg" title="stepdefinitions.US_22_fatma.US_22.click_on_login()">
                <span>And click on login</span>
      <div>
      </div>
              </div>
              <div class="step pass-bg" title="stepdefinitions.US_22_fatma.US_22.must_see_the_on_the_page()">
                <span>Then must see the Add Admin on the page</span>
      <div>
      </div>
              </div>
              <div class="step pass-bg" title="stepdefinitions.US_22_fatma.US_22.user_enters_a_name()">
                <span>And User enters a name</span>
      <div>
      </div>
              </div>
              <div class="step pass-bg" title="stepdefinitions.US_22_fatma.US_22.user_enters_a_surname()">
                <span>And User  enters a surname</span>
      <div>
      </div>
              </div>
              <div class="step pass-bg" title="stepdefinitions.US_22_fatma.US_22.user_enters_a_birth_place()">
                <span>And User enters a birth place</span>
      <div>
      </div>
              </div>
              <div class="step pass-bg" title="stepdefinitions.US_22_fatma.US_22.user_leaves_the_blank_gender_section()">
                <span>And User leaves the blank gender section</span>
      <div>
      </div>
              </div>
              <div class="step pass-bg" title="stepdefinitions.US_22_fatma.US_22.user_enters_a_birth_date()">
                <span>And User enters a birth date</span>
      <div>
      </div>
              </div>
              <div class="step pass-bg" title="stepdefinitions.US_22_fatma.US_22.user_enters_a_phone_number_as_required()">
                <span>And User enters a phone number as required</span>
      <div>
      </div>
              </div>
              <div class="step pass-bg" title="stepdefinitions.US_22_fatma.US_22.user_enters_a_ssn_as_required()">
                <span>And User enters a SSN as required</span>
      <div>
      </div>
              </div>
              <div class="step pass-bg" title="stepdefinitions.US_22_fatma.US_22.user_enters_an_username()">
                <span>And User enters an username</span>
      <div>
      </div>
              </div>
              <div class="step pass-bg" title="stepdefinitions.US_22_fatma.US_22.user_enters_a_password_as_required()">
                <span>And User enters a password as required</span>
      <div>
      </div>
              </div>
              <div class="step pass-bg" title="stepdefinitions.US_22_fatma.US_22.user_clicks_on_the_submit_button()">
                <span>And User clicks on the submit button</span>
      <div>
      </div>
              </div>
              <div class="step fail-bg" title="stepdefinitions.US_22_fatma.US_22.the_user_must_not_be_able_to_add_admin()">
                <span>Then the user must not be able to add admin</span>
      <div>
        <textarea disabled class="code-block">org.openqa.selenium.NoSuchElementException: no such element: Unable to locate element: {"method":"xpath","selector":"//div[.='Admin Saved']"}
  (Session info: chrome=120.0.6099.109)
For documentation on this error, please visit: https://www.selenium.dev/documentation/webdriver/troubleshooting/errors#no-such-element-exception
Build info: version: '4.14.1', revision: '03f8ede370'
System info: os.name: 'Mac OS X', os.arch: 'x86_64', os.version: '14.2', java.version: '21.0.1'
Driver info: org.openqa.selenium.chrome.ChromeDriver
Command: [7d191097f4c6225d866693e008b89c30, findElement {using=xpath, value=//div[.='Admin Saved']}]
Capabilities {acceptInsecureCerts: false, browserName: chrome, browserVersion: 120.0.6099.109, chrome: {chromedriverVersion: 120.0.6099.71 (9729082fe617..., userDataDir: /var/folders/44/9t2177zn50z...}, fedcm:accounts: true, goog:chromeOptions: {debuggerAddress: localhost:50489}, networkConnectionEnabled: false, pageLoadStrategy: normal, platformName: mac, proxy: Proxy(), se:cdp: ws://localhost:50489/devtoo..., se:cdpVersion: 120.0.6099.109, setWindowRect: true, strictFileInteractability: false, timeouts: {implicit: 0, pageLoad: 300000, script: 30000}, unhandledPromptBehavior: dismiss and notify, webauthn:extension:credBlob: true, webauthn:extension:largeBlob: true, webauthn:extension:minPinLength: true, webauthn:extension:prf: true, webauthn:virtualAuthenticators: true}
Session ID: 7d191097f4c6225d866693e008b89c30
	at java.base/jdk.internal.reflect.DirectConstructorHandleAccessor.newInstance(DirectConstructorHandleAccessor.java:62)
	at java.base/java.lang.reflect.Constructor.newInstanceWithCaller(Constructor.java:502)
	at java.base/java.lang.reflect.Constructor.newInstance(Constructor.java:486)
	at org.openqa.selenium.remote.codec.w3c.W3CHttpResponseCodec.createException(W3CHttpResponseCodec.java:200)
	at org.openqa.selenium.remote.codec.w3c.W3CHttpResponseCodec.decode(W3CHttpResponseCodec.java:133)
	at org.openqa.selenium.remote.codec.w3c.W3CHttpResponseCodec.decode(W3CHttpResponseCodec.java:52)
	at org.openqa.selenium.remote.HttpCommandExecutor.execute(HttpCommandExecutor.java:191)
	at org.openqa.selenium.remote.service.DriverCommandExecutor.invokeExecute(DriverCommandExecutor.java:200)
	at org.openqa.selenium.remote.service.DriverCommandExecutor.execute(DriverCommandExecutor.java:175)
	at org.openqa.selenium.remote.RemoteWebDriver.execute(RemoteWebDriver.java:602)
	at org.openqa.selenium.remote.ElementLocation$ElementFinder$2.findElement(ElementLocation.java:165)
	at org.openqa.selenium.remote.ElementLocation.findElement(ElementLocation.java:59)
	at org.openqa.selenium.remote.RemoteWebDriver.findElement(RemoteWebDriver.java:359)
	at org.openqa.selenium.remote.RemoteWebDriver.findElement(RemoteWebDriver.java:353)
	at java.base/jdk.internal.reflect.DirectMethodHandleAccessor.invoke(DirectMethodHandleAccessor.java:103)
	at java.base/java.lang.reflect.Method.invoke(Method.java:580)
	at org.openqa.selenium.support.ThreadGuard$WebDriverInvocationHandler.invokeUnderlying(ThreadGuard.java:99)
	at org.openqa.selenium.support.ThreadGuard$WebDriverInvocationHandler.invoke(ThreadGuard.java:91)
	at jdk.proxy2/jdk.proxy2.$Proxy22.findElement(Unknown Source)
	at org.openqa.selenium.support.pagefactory.DefaultElementLocator.findElement(DefaultElementLocator.java:68)
	at org.openqa.selenium.support.pagefactory.internal.LocatingElementHandler.invoke(LocatingElementHandler.java:38)
	at jdk.proxy2/jdk.proxy2.$Proxy25.getText(Unknown Source)
	at stepdefinitions.US_22_fatma.US_22.the_user_must_not_be_able_to_add_admin(US_22.java:173)
	at ✽.the user must not be able to add admin(file:///Users/fatmakarmis/IdeaProjects/team03_cucumberProject/./src/test/resources/features/Fatma/US_22_TC_03.feature:23)
</textarea>
      
      </div>
              </div>
              <div class="step pass-bg" title="AFTER">
                <span>hooks.Hooks.afterTearDown(io.cucumber.java.Scenario)</span>
      <div>failed_screenshot
          <div class="row mb-3"><div class="col-md-3">
<img data-featherlight='../embedded1.png' src="../embedded1.png">
    
    </div></div>
</div>
      <div>
      </div>
              </div>
          </div>
        </div>
  </div>
</div>
          </div>
        </li>
        <li class="test-item"  status="fail" test-id="55"
          author=""
          tag=""
          device="">
          <div class="test-detail">
            <p class="name">US_22 Add admin.</p>
            <p class="text-sm">
              <span>12:19:14 PM</span> / <span>00:00:23:809</span>
              <span class="badge fail-bg log float-right">Fail</span>
            </p>
          </div>
          <div class="test-contents d-none">
<div class="detail-head">
<div class="p-v-10">
<div class="info">
<h5 class="test-status text-fail">US_22 Add admin.</h5>
<span class='badge badge-success'>12.18.2023 12:19:14 PM</span>
<span class='badge badge-danger'>12.18.2023 12:19:38 PM</span>
<span class='badge badge-default'>00:00:23:809</span>
&middot; <span class='uri-anchor badge badge-default'>#test-id=55</span>
<span class='badge badge-default pointer float-right ml-1 et'><i class="fa fa-chevron-down"></i></span>
<span class='badge badge-default pointer float-right ct'><i class="fa fa-chevron-up"></i></span>
</div>
<div class="m-t-10 m-l-5"></div>
</div>
</div>
<div class="accordion mt-4">
  <div class="card">
    <div class="card-header" role="tab">
      <div class="card-title">
        <div class="node" id="56"><span class="badge log fail-bg mr-2">Fail</span>TC_04 Testing the year section  with critical years</div>
          <div class="status-avatar float-right mr-4">
            <i class="fa fa-paperclip"></i>
          </div>
      </div>
    </div>
        <div class="">
          <div class="card-body">
              <div class="step pass-bg" title="stepdefinitions.US_22_fatma.US_22.user_goes_to_the(java.lang.String)">
                <span>Given User goes to the "https://managementonschools.com/"</span>
      <div>
      </div>
              </div>
              <div class="step fail-bg" title="stepdefinitions.US_22_fatma.US_22.click_on_login_button()">
                <span>When click on login button</span>
      <div>
        <textarea disabled class="code-block">org.openqa.selenium.NoSuchElementException: no such element: Unable to locate element: {"method":"xpath","selector":"//a[@class='header_link ms-2']"}
  (Session info: chrome=120.0.6099.109)
For documentation on this error, please visit: https://www.selenium.dev/documentation/webdriver/troubleshooting/errors#no-such-element-exception
Build info: version: '4.14.1', revision: '03f8ede370'
System info: os.name: 'Mac OS X', os.arch: 'x86_64', os.version: '14.2', java.version: '21.0.1'
Driver info: org.openqa.selenium.chrome.ChromeDriver
Command: [7d191097f4c6225d866693e008b89c30, findElement {using=xpath, value=//a[@class='header_link ms-2']}]
Capabilities {acceptInsecureCerts: false, browserName: chrome, browserVersion: 120.0.6099.109, chrome: {chromedriverVersion: 120.0.6099.71 (9729082fe617..., userDataDir: /var/folders/44/9t2177zn50z...}, fedcm:accounts: true, goog:chromeOptions: {debuggerAddress: localhost:50489}, networkConnectionEnabled: false, pageLoadStrategy: normal, platformName: mac, proxy: Proxy(), se:cdp: ws://localhost:50489/devtoo..., se:cdpVersion: 120.0.6099.109, setWindowRect: true, strictFileInteractability: false, timeouts: {implicit: 0, pageLoad: 300000, script: 30000}, unhandledPromptBehavior: dismiss and notify, webauthn:extension:credBlob: true, webauthn:extension:largeBlob: true, webauthn:extension:minPinLength: true, webauthn:extension:prf: true, webauthn:virtualAuthenticators: true}
Session ID: 7d191097f4c6225d866693e008b89c30
	at java.base/jdk.internal.reflect.DirectConstructorHandleAccessor.newInstance(DirectConstructorHandleAccessor.java:62)
	at java.base/java.lang.reflect.Constructor.newInstanceWithCaller(Constructor.java:502)
	at java.base/java.lang.reflect.Constructor.newInstance(Constructor.java:486)
	at org.openqa.selenium.remote.codec.w3c.W3CHttpResponseCodec.createException(W3CHttpResponseCodec.java:200)
	at org.openqa.selenium.remote.codec.w3c.W3CHttpResponseCodec.decode(W3CHttpResponseCodec.java:133)
	at org.openqa.selenium.remote.codec.w3c.W3CHttpResponseCodec.decode(W3CHttpResponseCodec.java:52)
	at org.openqa.selenium.remote.HttpCommandExecutor.execute(HttpCommandExecutor.java:191)
	at org.openqa.selenium.remote.service.DriverCommandExecutor.invokeExecute(DriverCommandExecutor.java:200)
	at org.openqa.selenium.remote.service.DriverCommandExecutor.execute(DriverCommandExecutor.java:175)
	at org.openqa.selenium.remote.RemoteWebDriver.execute(RemoteWebDriver.java:602)
	at org.openqa.selenium.remote.ElementLocation$ElementFinder$2.findElement(ElementLocation.java:165)
	at org.openqa.selenium.remote.ElementLocation.findElement(ElementLocation.java:59)
	at org.openqa.selenium.remote.RemoteWebDriver.findElement(RemoteWebDriver.java:359)
	at org.openqa.selenium.remote.RemoteWebDriver.findElement(RemoteWebDriver.java:353)
	at java.base/jdk.internal.reflect.DirectMethodHandleAccessor.invoke(DirectMethodHandleAccessor.java:103)
	at java.base/java.lang.reflect.Method.invoke(Method.java:580)
	at org.openqa.selenium.support.ThreadGuard$WebDriverInvocationHandler.invokeUnderlying(ThreadGuard.java:99)
	at org.openqa.selenium.support.ThreadGuard$WebDriverInvocationHandler.invoke(ThreadGuard.java:91)
	at jdk.proxy2/jdk.proxy2.$Proxy22.findElement(Unknown Source)
	at org.openqa.selenium.support.pagefactory.DefaultElementLocator.findElement(DefaultElementLocator.java:68)
	at org.openqa.selenium.support.pagefactory.internal.LocatingElementHandler.invoke(LocatingElementHandler.java:38)
	at jdk.proxy2/jdk.proxy2.$Proxy25.click(Unknown Source)
	at stepdefinitions.US_22_fatma.US_22.click_on_login_button(US_22.java:34)
	at ✽.click on login button(file:///Users/fatmakarmis/IdeaProjects/team03_cucumberProject/./src/test/resources/features/Fatma/US_22_TC_04.feature:6)
</textarea>
      
      </div>
              </div>
              <div class="step skip-bg" title="stepdefinitions.US_22_fatma.US_22.enter_the_username(java.lang.String)">
                <span>And enter the username "AdminProject13"</span>
      <div>Step skipped
      </div>
              </div>
              <div class="step skip-bg" title="stepdefinitions.US_22_fatma.US_22.enter_the_password(java.lang.String)">
                <span>And enter the password "Project13+"</span>
      <div>Step skipped
      </div>
              </div>
              <div class="step skip-bg" title="stepdefinitions.US_22_fatma.US_22.click_on_login()">
                <span>And click on login</span>
      <div>Step skipped
      </div>
              </div>
              <div class="step skip-bg" title="stepdefinitions.US_22_fatma.US_22.must_see_the_on_the_page()">
                <span>Then must see the Add Admin on the page</span>
      <div>Step skipped
      </div>
              </div>
              <div class="step skip-bg" title="stepdefinitions.US_22_fatma.US_22.user_enters_a_name()">
                <span>And User enters a name</span>
      <div>Step skipped
      </div>
              </div>
              <div class="step skip-bg" title="stepdefinitions.US_22_fatma.US_22.user_enters_a_surname()">
                <span>And User  enters a surname</span>
      <div>Step skipped
      </div>
              </div>
              <div class="step skip-bg" title="stepdefinitions.US_22_fatma.US_22.user_enters_a_birth_place()">
                <span>And User enters a birth place</span>
      <div>Step skipped
      </div>
              </div>
              <div class="step skip-bg" title="stepdefinitions.US_22_fatma.US_22.user_chooses_a_gender_clicks_on_male_or_female()">
                <span>And User chooses a gender (clicks on male or female)</span>
      <div>Step skipped
      </div>
              </div>
              <div class="step skip-bg" title="stepdefinitions.US_22_fatma.US_22.user_enters_a_date_trying_critical_values()">
                <span>And User enters a date (trying critical values)</span>
      <div>Step skipped
      </div>
              </div>
              <div class="step skip-bg" title="stepdefinitions.US_22_fatma.US_22.user_enters_a_phone_number_as_required()">
                <span>And User enters a phone number as required</span>
      <div>Step skipped
      </div>
              </div>
              <div class="step skip-bg" title="stepdefinitions.US_22_fatma.US_22.user_enters_a_ssn_as_required()">
                <span>And User enters a SSN as required</span>
      <div>Step skipped
      </div>
              </div>
              <div class="step skip-bg" title="stepdefinitions.US_22_fatma.US_22.user_enters_an_username()">
                <span>And User enters an username</span>
      <div>Step skipped
      </div>
              </div>
              <div class="step skip-bg" title="stepdefinitions.US_22_fatma.US_22.user_enters_a_password_as_required()">
                <span>And User enters a password as required</span>
      <div>Step skipped
      </div>
              </div>
              <div class="step skip-bg" title="stepdefinitions.US_22_fatma.US_22.user_clicks_on_the_submit_button()">
                <span>And User clicks on the submit button</span>
      <div>Step skipped
      </div>
              </div>
              <div class="step skip-bg" title="stepdefinitions.US_22_fatma.US_22.user_should_not_be_able_to_log_in_with_that_imposible_date()">
                <span>Then user should not be able to log in with that imposible date</span>
      <div>Step skipped
      </div>
              </div>
              <div class="step pass-bg" title="AFTER">
                <span>hooks.Hooks.afterTearDown(io.cucumber.java.Scenario)</span>
      <div>failed_screenshot
          <div class="row mb-3"><div class="col-md-3">
<img data-featherlight='../embedded2.png' src="../embedded2.png">
    
    </div></div>
</div>
      <div>
      </div>
              </div>
          </div>
        </div>
  </div>
</div>
          </div>
        </li>
        <li class="test-item"  status="fail" test-id="76"
          author=""
          tag=""
          device="">
          <div class="test-detail">
            <p class="name">US_22 Add admin.</p>
            <p class="text-sm">
              <span>12:19:38 PM</span> / <span>00:00:22:672</span>
              <span class="badge fail-bg log float-right">Fail</span>
            </p>
          </div>
          <div class="test-contents d-none">
<div class="detail-head">
<div class="p-v-10">
<div class="info">
<h5 class="test-status text-fail">US_22 Add admin.</h5>
<span class='badge badge-success'>12.18.2023 12:19:38 PM</span>
<span class='badge badge-danger'>12.18.2023 12:20:00 PM</span>
<span class='badge badge-default'>00:00:22:672</span>
&middot; <span class='uri-anchor badge badge-default'>#test-id=76</span>
<span class='badge badge-default pointer float-right ml-1 et'><i class="fa fa-chevron-down"></i></span>
<span class='badge badge-default pointer float-right ct'><i class="fa fa-chevron-up"></i></span>
</div>
<div class="m-t-10 m-l-5"></div>
</div>
</div>
<div class="accordion mt-4">
  <div class="card">
    <div class="card-header" role="tab">
      <div class="card-title">
        <div class="node" id="77"><span class="badge log fail-bg mr-2">Fail</span>TC_05 Testing the SSN part with possibilities</div>
          <div class="status-avatar float-right mr-4">
            <i class="fa fa-paperclip"></i>
          </div>
      </div>
    </div>
        <div class="">
          <div class="card-body">
              <div class="step pass-bg" title="stepdefinitions.US_22_fatma.US_22.user_goes_to_the(java.lang.String)">
                <span>Given User goes to the "https://managementonschools.com/"</span>
      <div>
      </div>
              </div>
              <div class="step fail-bg" title="stepdefinitions.US_22_fatma.US_22.click_on_login_button()">
                <span>When click on login button</span>
      <div>
        <textarea disabled class="code-block">org.openqa.selenium.NoSuchElementException: no such element: Unable to locate element: {"method":"xpath","selector":"//a[@class='header_link ms-2']"}
  (Session info: chrome=120.0.6099.109)
For documentation on this error, please visit: https://www.selenium.dev/documentation/webdriver/troubleshooting/errors#no-such-element-exception
Build info: version: '4.14.1', revision: '03f8ede370'
System info: os.name: 'Mac OS X', os.arch: 'x86_64', os.version: '14.2', java.version: '21.0.1'
Driver info: org.openqa.selenium.chrome.ChromeDriver
Command: [7d191097f4c6225d866693e008b89c30, findElement {using=xpath, value=//a[@class='header_link ms-2']}]
Capabilities {acceptInsecureCerts: false, browserName: chrome, browserVersion: 120.0.6099.109, chrome: {chromedriverVersion: 120.0.6099.71 (9729082fe617..., userDataDir: /var/folders/44/9t2177zn50z...}, fedcm:accounts: true, goog:chromeOptions: {debuggerAddress: localhost:50489}, networkConnectionEnabled: false, pageLoadStrategy: normal, platformName: mac, proxy: Proxy(), se:cdp: ws://localhost:50489/devtoo..., se:cdpVersion: 120.0.6099.109, setWindowRect: true, strictFileInteractability: false, timeouts: {implicit: 0, pageLoad: 300000, script: 30000}, unhandledPromptBehavior: dismiss and notify, webauthn:extension:credBlob: true, webauthn:extension:largeBlob: true, webauthn:extension:minPinLength: true, webauthn:extension:prf: true, webauthn:virtualAuthenticators: true}
Session ID: 7d191097f4c6225d866693e008b89c30
	at java.base/jdk.internal.reflect.DirectConstructorHandleAccessor.newInstance(DirectConstructorHandleAccessor.java:62)
	at java.base/java.lang.reflect.Constructor.newInstanceWithCaller(Constructor.java:502)
	at java.base/java.lang.reflect.Constructor.newInstance(Constructor.java:486)
	at org.openqa.selenium.remote.codec.w3c.W3CHttpResponseCodec.createException(W3CHttpResponseCodec.java:200)
	at org.openqa.selenium.remote.codec.w3c.W3CHttpResponseCodec.decode(W3CHttpResponseCodec.java:133)
	at org.openqa.selenium.remote.codec.w3c.W3CHttpResponseCodec.decode(W3CHttpResponseCodec.java:52)
	at org.openqa.selenium.remote.HttpCommandExecutor.execute(HttpCommandExecutor.java:191)
	at org.openqa.selenium.remote.service.DriverCommandExecutor.invokeExecute(DriverCommandExecutor.java:200)
	at org.openqa.selenium.remote.service.DriverCommandExecutor.execute(DriverCommandExecutor.java:175)
	at org.openqa.selenium.remote.RemoteWebDriver.execute(RemoteWebDriver.java:602)
	at org.openqa.selenium.remote.ElementLocation$ElementFinder$2.findElement(ElementLocation.java:165)
	at org.openqa.selenium.remote.ElementLocation.findElement(ElementLocation.java:59)
	at org.openqa.selenium.remote.RemoteWebDriver.findElement(RemoteWebDriver.java:359)
	at org.openqa.selenium.remote.RemoteWebDriver.findElement(RemoteWebDriver.java:353)
	at java.base/jdk.internal.reflect.DirectMethodHandleAccessor.invoke(DirectMethodHandleAccessor.java:103)
	at java.base/java.lang.reflect.Method.invoke(Method.java:580)
	at org.openqa.selenium.support.ThreadGuard$WebDriverInvocationHandler.invokeUnderlying(ThreadGuard.java:99)
	at org.openqa.selenium.support.ThreadGuard$WebDriverInvocationHandler.invoke(ThreadGuard.java:91)
	at jdk.proxy2/jdk.proxy2.$Proxy22.findElement(Unknown Source)
	at org.openqa.selenium.support.pagefactory.DefaultElementLocator.findElement(DefaultElementLocator.java:68)
	at org.openqa.selenium.support.pagefactory.internal.LocatingElementHandler.invoke(LocatingElementHandler.java:38)
	at jdk.proxy2/jdk.proxy2.$Proxy25.click(Unknown Source)
	at stepdefinitions.US_22_fatma.US_22.click_on_login_button(US_22.java:34)
	at ✽.click on login button(file:///Users/fatmakarmis/IdeaProjects/team03_cucumberProject/./src/test/resources/features/Fatma/US_22_TC_05.feature:6)
</textarea>
      
      </div>
              </div>
              <div class="step skip-bg" title="stepdefinitions.US_22_fatma.US_22.enter_the_username(java.lang.String)">
                <span>And enter the username "AdminProject13"</span>
      <div>Step skipped
      </div>
              </div>
              <div class="step skip-bg" title="stepdefinitions.US_22_fatma.US_22.enter_the_password(java.lang.String)">
                <span>And enter the password "Project13+"</span>
      <div>Step skipped
      </div>
              </div>
              <div class="step skip-bg" title="stepdefinitions.US_22_fatma.US_22.click_on_login()">
                <span>And click on login</span>
      <div>Step skipped
      </div>
              </div>
              <div class="step skip-bg" title="stepdefinitions.US_22_fatma.US_22.must_see_the_on_the_page()">
                <span>Then must see the Add Admin on the page</span>
      <div>Step skipped
      </div>
              </div>
              <div class="step skip-bg" title="stepdefinitions.US_22_fatma.US_22.user_enters_a_ssn_first_missing()">
                <span>And User enters a SSN first - missing</span>
      <div>Step skipped
      </div>
              </div>
              <div class="step skip-bg" title="stepdefinitions.US_22_fatma.US_22.must_see_the_message(java.lang.String)">
                <span>Then must see the "Minimum 11 character (XXX-XX-XXXX)" message</span>
      <div>Step skipped
      </div>
              </div>
              <div class="step skip-bg" title="stepdefinitions.US_22_fatma.US_22.user_enters_a_ssn_second_missing()">
                <span>And User enters a SSN second - missing</span>
      <div>Step skipped
      </div>
              </div>
              <div class="step skip-bg" title="stepdefinitions.US_22_fatma.US_22.must_see_the_message(java.lang.String)">
                <span>Then must see the "Minimum 11 character (XXX-XX-XXXX)" message</span>
      <div>Step skipped
      </div>
              </div>
              <div class="step skip-bg" title="stepdefinitions.US_22_fatma.US_22.user_enters_more_than_character()">
                <span>And User enters more than eleven character</span>
      <div>Step skipped
      </div>
              </div>
              <div class="step skip-bg" title="stepdefinitions.US_22_fatma.US_22.user_enters_a_name()">
                <span>And User enters a name</span>
      <div>Step skipped
      </div>
              </div>
              <div class="step skip-bg" title="stepdefinitions.US_22_fatma.US_22.user_enters_a_surname()">
                <span>And User  enters a surname</span>
      <div>Step skipped
      </div>
              </div>
              <div class="step skip-bg" title="stepdefinitions.US_22_fatma.US_22.user_enters_a_birth_place()">
                <span>And User enters a birth place</span>
      <div>Step skipped
      </div>
              </div>
              <div class="step skip-bg" title="stepdefinitions.US_22_fatma.US_22.user_chooses_a_gender_clicks_on_male_or_female()">
                <span>And User chooses a gender (clicks on male or female)</span>
      <div>Step skipped
      </div>
              </div>
              <div class="step skip-bg" title="stepdefinitions.US_22_fatma.US_22.user_enters_a_birth_date()">
                <span>And User enters a birth date</span>
      <div>Step skipped
      </div>
              </div>
              <div class="step skip-bg" title="stepdefinitions.US_22_fatma.US_22.user_enters_a_phone_number_as_required()">
                <span>And User enters a phone number as required</span>
      <div>Step skipped
      </div>
              </div>
              <div class="step skip-bg" title="stepdefinitions.US_22_fatma.US_22.user_enters_an_username()">
                <span>And User enters an username</span>
      <div>Step skipped
      </div>
              </div>
              <div class="step skip-bg" title="stepdefinitions.US_22_fatma.US_22.user_enters_a_password_as_required()">
                <span>And User enters a password as required</span>
      <div>Step skipped
      </div>
              </div>
              <div class="step skip-bg" title="stepdefinitions.US_22_fatma.US_22.user_clicks_on_the_submit_button()">
                <span>And User clicks on the submit button</span>
      <div>Step skipped
      </div>
              </div>
              <div class="step skip-bg" title="stepdefinitions.US_22_fatma.US_22.must_see_the(java.lang.String)">
                <span>Then must see the "Please enter a valid SSN number"</span>
      <div>Step skipped
      </div>
              </div>
              <div class="step pass-bg" title="AFTER">
                <span>hooks.Hooks.afterTearDown(io.cucumber.java.Scenario)</span>
      <div>failed_screenshot
          <div class="row mb-3"><div class="col-md-3">
<img data-featherlight='../embedded3.png' src="../embedded3.png">
    
    </div></div>
</div>
      <div>
      </div>
              </div>
          </div>
        </div>
  </div>
</div>
          </div>
        </li>
        <li class="test-item"  status="fail" test-id="101"
          author=""
          tag=""
          device="">
          <div class="test-detail">
            <p class="name">US_22 Add admin.</p>
            <p class="text-sm">
              <span>12:20:01 PM</span> / <span>00:00:22:946</span>
              <span class="badge fail-bg log float-right">Fail</span>
            </p>
          </div>
          <div class="test-contents d-none">
<div class="detail-head">
<div class="p-v-10">
<div class="info">
<h5 class="test-status text-fail">US_22 Add admin.</h5>
<span class='badge badge-success'>12.18.2023 12:20:01 PM</span>
<span class='badge badge-danger'>12.18.2023 12:20:24 PM</span>
<span class='badge badge-default'>00:00:22:946</span>
&middot; <span class='uri-anchor badge badge-default'>#test-id=101</span>
<span class='badge badge-default pointer float-right ml-1 et'><i class="fa fa-chevron-down"></i></span>
<span class='badge badge-default pointer float-right ct'><i class="fa fa-chevron-up"></i></span>
</div>
<div class="m-t-10 m-l-5"></div>
</div>
</div>
<div class="accordion mt-4">
  <div class="card">
    <div class="card-header" role="tab">
      <div class="card-title">
        <div class="node" id="102"><span class="badge log fail-bg mr-2">Fail</span>TC_06 Testing password requirements</div>
          <div class="status-avatar float-right mr-4">
            <i class="fa fa-paperclip"></i>
          </div>
      </div>
    </div>
        <div class="">
          <div class="card-body">
              <div class="step pass-bg" title="stepdefinitions.US_22_fatma.US_22.user_goes_to_the(java.lang.String)">
                <span>Given User goes to the "https://managementonschools.com/"</span>
      <div>
      </div>
              </div>
              <div class="step fail-bg" title="stepdefinitions.US_22_fatma.US_22.click_on_login_button()">
                <span>When click on login button</span>
      <div>
        <textarea disabled class="code-block">org.openqa.selenium.NoSuchElementException: no such element: Unable to locate element: {"method":"xpath","selector":"//a[@class='header_link ms-2']"}
  (Session info: chrome=120.0.6099.109)
For documentation on this error, please visit: https://www.selenium.dev/documentation/webdriver/troubleshooting/errors#no-such-element-exception
Build info: version: '4.14.1', revision: '03f8ede370'
System info: os.name: 'Mac OS X', os.arch: 'x86_64', os.version: '14.2', java.version: '21.0.1'
Driver info: org.openqa.selenium.chrome.ChromeDriver
Command: [7d191097f4c6225d866693e008b89c30, findElement {using=xpath, value=//a[@class='header_link ms-2']}]
Capabilities {acceptInsecureCerts: false, browserName: chrome, browserVersion: 120.0.6099.109, chrome: {chromedriverVersion: 120.0.6099.71 (9729082fe617..., userDataDir: /var/folders/44/9t2177zn50z...}, fedcm:accounts: true, goog:chromeOptions: {debuggerAddress: localhost:50489}, networkConnectionEnabled: false, pageLoadStrategy: normal, platformName: mac, proxy: Proxy(), se:cdp: ws://localhost:50489/devtoo..., se:cdpVersion: 120.0.6099.109, setWindowRect: true, strictFileInteractability: false, timeouts: {implicit: 0, pageLoad: 300000, script: 30000}, unhandledPromptBehavior: dismiss and notify, webauthn:extension:credBlob: true, webauthn:extension:largeBlob: true, webauthn:extension:minPinLength: true, webauthn:extension:prf: true, webauthn:virtualAuthenticators: true}
Session ID: 7d191097f4c6225d866693e008b89c30
	at java.base/jdk.internal.reflect.DirectConstructorHandleAccessor.newInstance(DirectConstructorHandleAccessor.java:62)
	at java.base/java.lang.reflect.Constructor.newInstanceWithCaller(Constructor.java:502)
	at java.base/java.lang.reflect.Constructor.newInstance(Constructor.java:486)
	at org.openqa.selenium.remote.codec.w3c.W3CHttpResponseCodec.createException(W3CHttpResponseCodec.java:200)
	at org.openqa.selenium.remote.codec.w3c.W3CHttpResponseCodec.decode(W3CHttpResponseCodec.java:133)
	at org.openqa.selenium.remote.codec.w3c.W3CHttpResponseCodec.decode(W3CHttpResponseCodec.java:52)
	at org.openqa.selenium.remote.HttpCommandExecutor.execute(HttpCommandExecutor.java:191)
	at org.openqa.selenium.remote.service.DriverCommandExecutor.invokeExecute(DriverCommandExecutor.java:200)
	at org.openqa.selenium.remote.service.DriverCommandExecutor.execute(DriverCommandExecutor.java:175)
	at org.openqa.selenium.remote.RemoteWebDriver.execute(RemoteWebDriver.java:602)
	at org.openqa.selenium.remote.ElementLocation$ElementFinder$2.findElement(ElementLocation.java:165)
	at org.openqa.selenium.remote.ElementLocation.findElement(ElementLocation.java:59)
	at org.openqa.selenium.remote.RemoteWebDriver.findElement(RemoteWebDriver.java:359)
	at org.openqa.selenium.remote.RemoteWebDriver.findElement(RemoteWebDriver.java:353)
	at java.base/jdk.internal.reflect.DirectMethodHandleAccessor.invoke(DirectMethodHandleAccessor.java:103)
	at java.base/java.lang.reflect.Method.invoke(Method.java:580)
	at org.openqa.selenium.support.ThreadGuard$WebDriverInvocationHandler.invokeUnderlying(ThreadGuard.java:99)
	at org.openqa.selenium.support.ThreadGuard$WebDriverInvocationHandler.invoke(ThreadGuard.java:91)
	at jdk.proxy2/jdk.proxy2.$Proxy22.findElement(Unknown Source)
	at org.openqa.selenium.support.pagefactory.DefaultElementLocator.findElement(DefaultElementLocator.java:68)
	at org.openqa.selenium.support.pagefactory.internal.LocatingElementHandler.invoke(LocatingElementHandler.java:38)
	at jdk.proxy2/jdk.proxy2.$Proxy25.click(Unknown Source)
	at stepdefinitions.US_22_fatma.US_22.click_on_login_button(US_22.java:34)
	at ✽.click on login button(file:///Users/fatmakarmis/IdeaProjects/team03_cucumberProject/./src/test/resources/features/Fatma/US_22_TC_06.feature:6)
</textarea>
      
      </div>
              </div>
              <div class="step skip-bg" title="stepdefinitions.US_22_fatma.US_22.enter_the_username(java.lang.String)">
                <span>And enter the username "AdminProject13"</span>
      <div>Step skipped
      </div>
              </div>
              <div class="step skip-bg" title="stepdefinitions.US_22_fatma.US_22.enter_the_password(java.lang.String)">
                <span>And enter the password "Project13+"</span>
      <div>Step skipped
      </div>
              </div>
              <div class="step skip-bg" title="stepdefinitions.US_22_fatma.US_22.click_on_login()">
                <span>And click on login</span>
      <div>Step skipped
      </div>
              </div>
              <div class="step skip-bg" title="stepdefinitions.US_22_fatma.US_22.must_see_the_on_the_page()">
                <span>Then must see the Add Admin on the page</span>
      <div>Step skipped
      </div>
              </div>
              <div class="step skip-bg" title="stepdefinitions.US_22_fatma.US_22.user_enters_a_password_just_one_char()">
                <span>And User enters a password just one char</span>
      <div>Step skipped
      </div>
              </div>
              <div class="step skip-bg" title="stepdefinitions.US_22_fatma.US_22.it_has_to_appear_on_the_below(java.lang.String)">
                <span>Then It has to appear "At least 8 characters" on the below</span>
      <div>Step skipped
      </div>
              </div>
              <div class="step skip-bg" title="stepdefinitions.US_22_fatma.US_22.user_enters_a_password_all_lowercase_char()">
                <span>And User enters a password all lowercase eight char</span>
      <div>Step skipped
      </div>
              </div>
              <div class="step skip-bg" title="stepdefinitions.US_22_fatma.US_22.it_has_to_appear_on_the_below(java.lang.String)">
                <span>Then It has to appear "One uppercase character" on the below</span>
      <div>Step skipped
      </div>
              </div>
              <div class="step skip-bg" title="stepdefinitions.US_22_fatma.US_22.user_enters_a_password_all_uppercase_char()">
                <span>And User enters a password all uppercase eight char</span>
      <div>Step skipped
      </div>
              </div>
              <div class="step skip-bg" title="stepdefinitions.US_22_fatma.US_22.it_has_to_appear_on_the_below(java.lang.String)">
                <span>Then It has to appear "One lowecase character" on the below</span>
      <div>Step skipped
      </div>
              </div>
              <div class="step skip-bg" title="stepdefinitions.US_22_fatma.US_22.user_enters_a_password_with_one_uppercase_but_without_number()">
                <span>And User enters a password with one uppercase but without number</span>
      <div>Step skipped
      </div>
              </div>
              <div class="step skip-bg" title="stepdefinitions.US_22_fatma.US_22.it_has_to_appear_on_the_below(java.lang.String)">
                <span>Then It has to appear "One number" on the below</span>
      <div>Step skipped
      </div>
              </div>
              <div class="step pass-bg" title="AFTER">
                <span>hooks.Hooks.afterTearDown(io.cucumber.java.Scenario)</span>
      <div>failed_screenshot
          <div class="row mb-3"><div class="col-md-3">
<img data-featherlight='../embedded4.png' src="../embedded4.png">
    
    </div></div>
</div>
      <div>
      </div>
              </div>
          </div>
        </div>
  </div>
</div>
          </div>
        </li>
      </ul>
    </div>
  </div>
<div class="test-content scrollable">
<div class="test-content-tools">
<ul><li><a class="back-to-test" href="#"><i class="fa fa-arrow-left"></i></a></li></ul>
</div>
<div class="test-content-detail"><div class="detail-body"></div></div>
</div></div>
<div class="test-wrapper row view category-view attributes-view">
<div class="test-list">
<div class="test-list-tools">
<ul class="tools pull-left"><li><a href=""><span class="font-size-14">Category</span></a></li></ul>
<ul class="tools text-right"><li><a href="#"><span class="badge badge-primary">7</span></a></li></ul>
</div>
<div class="test-list-wrapper scrollable">
<ul class="test-list-item">
<li class="test-item">
<div class="test-detail">
<span class="meta">
<span class='badge log pass-bg'>1</span>
</span>
<p class="name">@US_22_TC_02F</p>
<p class="duration text-sm">1 tests</p>
</div>
<div class="test-contents d-none">
<div class="info">
<h4>@US_22_TC_02F</h4>
<span status="pass" class='badge log pass-bg'>1 passed</span>
</div>
<table class='table table-sm mt-4'>
<thead>
<tr>
<th class="status-col">Status</th>
<th class="timestamp-col">Timestamp</th>
<th>TestName</th>
</tr>
</thead>
<tbody>
<tr class="tag-test-status" status="pass">
<td><span class="badge log pass-bg">Pass</span></td>
<td>12:18:06 PM</td>
<td>
<a href="#" class="linked" test-id='22' id='23'>TC_02 User leaves the blank everything</a>
<div class="">
<span class="badge badge-default">US_22 Add admin..TC_02 User leaves the blank everything</span>
</div>
</td>
</tr>
</tbody>
</table>
</div>
</li>
<li class="test-item">
<div class="test-detail">
<span class="meta">
<span class='badge log badge-danger'>1</span>
</span>
<p class="name">@US_22_TC_05F</p>
<p class="duration text-sm">1 tests</p>
</div>
<div class="test-contents d-none">
<div class="info">
<h4>@US_22_TC_05F</h4>
<span status="fail" class='badge log badge-danger'>1 failed</span>
</div>
<table class='table table-sm mt-4'>
<thead>
<tr>
<th class="status-col">Status</th>
<th class="timestamp-col">Timestamp</th>
<th>TestName</th>
</tr>
</thead>
<tbody>
<tr class="tag-test-status" status="fail">
<td><span class="badge log fail-bg">Fail</span></td>
<td>12:19:38 PM</td>
<td>
<a href="#" class="linked" test-id='76' id='77'>TC_05 Testing the SSN part with possibilities</a>
<div class="">
<span class="badge badge-default">US_22 Add admin..TC_05 Testing the SSN part with possibilities</span>
</div>
</td>
</tr>
</tbody>
</table>
</div>
</li>
<li class="test-item">
<div class="test-detail">
<span class="meta">
<span class='badge log badge-danger'>1</span>
</span>
<p class="name">@US_22_TC_04F</p>
<p class="duration text-sm">1 tests</p>
</div>
<div class="test-contents d-none">
<div class="info">
<h4>@US_22_TC_04F</h4>
<span status="fail" class='badge log badge-danger'>1 failed</span>
</div>
<table class='table table-sm mt-4'>
<thead>
<tr>
<th class="status-col">Status</th>
<th class="timestamp-col">Timestamp</th>
<th>TestName</th>
</tr>
</thead>
<tbody>
<tr class="tag-test-status" status="fail">
<td><span class="badge log fail-bg">Fail</span></td>
<td>12:19:14 PM</td>
<td>
<a href="#" class="linked" test-id='55' id='56'>TC_04 Testing the year section with critical years</a>
<div class="">
<span class="badge badge-default">US_22 Add admin..TC_04 Testing the year section with critical years</span>
</div>
</td>
</tr>
</tbody>
</table>
</div>
</li>
<li class="test-item">
<div class="test-detail">
<span class="meta">
<span class='badge log pass-bg'>2</span>
<span class='badge log badge-danger'>4</span>
</span>
<p class="name">@ff</p>
<p class="duration text-sm">6 tests</p>
</div>
<div class="test-contents d-none">
<div class="info">
<h4>@ff</h4>
<span status="pass" class='badge log pass-bg'>2 passed</span>
<span status="fail" class='badge log badge-danger'>4 failed</span>
</div>
<table class='table table-sm mt-4'>
<thead>
<tr>
<th class="status-col">Status</th>
<th class="timestamp-col">Timestamp</th>
<th>TestName</th>
</tr>
</thead>
<tbody>
<tr class="tag-test-status" status="pass">
<td><span class="badge log pass-bg">Pass</span></td>
<td>12:17:36 PM</td>
<td>
<a href="#" class="linked" test-id='1' id='2'>TC_01 User can add admin successfully</a>
<div class="">
<span class="badge badge-default">US_22 Add admin..TC_01 User can add admin successfully</span>
</div>
</td>
</tr>
<tr class="tag-test-status" status="pass">
<td><span class="badge log pass-bg">Pass</span></td>
<td>12:18:06 PM</td>
<td>
<a href="#" class="linked" test-id='22' id='23'>TC_02 User leaves the blank everything</a>
<div class="">
<span class="badge badge-default">US_22 Add admin..TC_02 User leaves the blank everything</span>
</div>
</td>
</tr>
<tr class="tag-test-status" status="fail">
<td><span class="badge log fail-bg">Fail</span></td>
<td>12:18:28 PM</td>
<td>
<a href="#" class="linked" test-id='34' id='35'>Testing the gender section</a>
<div class="">
<span class="badge badge-default">US_22 Add admin..Testing the gender section</span>
</div>
</td>
</tr>
<tr class="tag-test-status" status="fail">
<td><span class="badge log fail-bg">Fail</span></td>
<td>12:19:14 PM</td>
<td>
<a href="#" class="linked" test-id='55' id='56'>TC_04 Testing the year section with critical years</a>
<div class="">
<span class="badge badge-default">US_22 Add admin..TC_04 Testing the year section with critical years</span>
</div>
</td>
</tr>
<tr class="tag-test-status" status="fail">
<td><span class="badge log fail-bg">Fail</span></td>
<td>12:19:38 PM</td>
<td>
<a href="#" class="linked" test-id='76' id='77'>TC_05 Testing the SSN part with possibilities</a>
<div class="">
<span class="badge badge-default">US_22 Add admin..TC_05 Testing the SSN part with possibilities</span>
</div>
</td>
</tr>
<tr class="tag-test-status" status="fail">
<td><span class="badge log fail-bg">Fail</span></td>
<td>12:20:01 PM</td>
<td>
<a href="#" class="linked" test-id='101' id='102'>TC_06 Testing password requirements</a>
<div class="">
<span class="badge badge-default">US_22 Add admin..TC_06 Testing password requirements</span>
</div>
</td>
</tr>
</tbody>
</table>
</div>
</li>
<li class="test-item">
<div class="test-detail">
<span class="meta">
<span class='badge log badge-danger'>1</span>
</span>
<p class="name">@US_22_TC_06F</p>
<p class="duration text-sm">1 tests</p>
</div>
<div class="test-contents d-none">
<div class="info">
<h4>@US_22_TC_06F</h4>
<span status="fail" class='badge log badge-danger'>1 failed</span>
</div>
<table class='table table-sm mt-4'>
<thead>
<tr>
<th class="status-col">Status</th>
<th class="timestamp-col">Timestamp</th>
<th>TestName</th>
</tr>
</thead>
<tbody>
<tr class="tag-test-status" status="fail">
<td><span class="badge log fail-bg">Fail</span></td>
<td>12:20:01 PM</td>
<td>
<a href="#" class="linked" test-id='101' id='102'>TC_06 Testing password requirements</a>
<div class="">
<span class="badge badge-default">US_22 Add admin..TC_06 Testing password requirements</span>
</div>
</td>
</tr>
</tbody>
</table>
</div>
</li>
<li class="test-item">
<div class="test-detail">
<span class="meta">
<span class='badge log pass-bg'>1</span>
</span>
<p class="name">@US_22_TC_01F</p>
<p class="duration text-sm">1 tests</p>
</div>
<div class="test-contents d-none">
<div class="info">
<h4>@US_22_TC_01F</h4>
<span status="pass" class='badge log pass-bg'>1 passed</span>
</div>
<table class='table table-sm mt-4'>
<thead>
<tr>
<th class="status-col">Status</th>
<th class="timestamp-col">Timestamp</th>
<th>TestName</th>
</tr>
</thead>
<tbody>
<tr class="tag-test-status" status="pass">
<td><span class="badge log pass-bg">Pass</span></td>
<td>12:17:36 PM</td>
<td>
<a href="#" class="linked" test-id='1' id='2'>TC_01 User can add admin successfully</a>
<div class="">
<span class="badge badge-default">US_22 Add admin..TC_01 User can add admin successfully</span>
</div>
</td>
</tr>
</tbody>
</table>
</div>
</li>
<li class="test-item">
<div class="test-detail">
<span class="meta">
<span class='badge log badge-danger'>1</span>
</span>
<p class="name">@US_22_TC_03F</p>
<p class="duration text-sm">1 tests</p>
</div>
<div class="test-contents d-none">
<div class="info">
<h4>@US_22_TC_03F</h4>
<span status="fail" class='badge log badge-danger'>1 failed</span>
</div>
<table class='table table-sm mt-4'>
<thead>
<tr>
<th class="status-col">Status</th>
<th class="timestamp-col">Timestamp</th>
<th>TestName</th>
</tr>
</thead>
<tbody>
<tr class="tag-test-status" status="fail">
<td><span class="badge log fail-bg">Fail</span></td>
<td>12:18:28 PM</td>
<td>
<a href="#" class="linked" test-id='34' id='35'>Testing the gender section</a>
<div class="">
<span class="badge badge-default">US_22 Add admin..Testing the gender section</span>
</div>
</td>
</tr>
</tbody>
</table>
</div>
</li>
</ul>
</div>
</div>
<div class="test-content scrollable">
<div class="test-content-detail">
<div class="detail-body"></div>
</div>
</div>
</div><div class="test-wrapper row view exception-view attributes-view">
<div class="test-list">
<div class="test-list-tools">
<ul class="tools pull-left"><li><a href=""><span class="font-size-14">Exception</span></a></li></ul>
<ul class="tools text-right"><li><a href="#"><span class="badge badge-primary">1</span></a></li></ul>
</div>
<div class="test-list-wrapper scrollable">
<ul class="test-list-item">
<li class="test-item">
<div class="test-detail">
<span class="meta">
<span class='badge log badge-danger'>4</span>
</span>
<p class="name">org.openqa.selenium.NoSuchElementException</p>
<p class="duration text-sm">4 tests</p>
</div>
<div class="test-contents d-none">
<div class="info">
<h4>org.openqa.selenium.NoSuchElementException</h4>
<span status="fail" class='badge log badge-danger'>4 failed</span>
</div>
<table class='table table-sm mt-4'>
<thead>
<tr>
<th class="status-col">Status</th>
<th class="timestamp-col">Timestamp</th>
<th>TestName</th>
</tr>
</thead>
<tbody>
<tr class="tag-test-status" status="fail">
<td><span class="badge log fail-bg">Fail</span></td>
<td>12:18:53 PM</td>
<td>
<a href="#" class="linked" test-id='34' id='53'>Then the user must not be able to add admin</a>
<div class="">
<span class="badge badge-default">US_22 Add admin..Testing the gender section.Then the user must not be able to add admin</span>
</div>
</td>
</tr>
<tr class="tag-test-status" status="fail">
<td><span class="badge log fail-bg">Fail</span></td>
<td>12:19:15 PM</td>
<td>
<a href="#" class="linked" test-id='55' id='59'>When click on login button</a>
<div class="">
<span class="badge badge-default">US_22 Add admin..TC_04 Testing the year section with critical years.When click on login button</span>
</div>
</td>
</tr>
<tr class="tag-test-status" status="fail">
<td><span class="badge log fail-bg">Fail</span></td>
<td>12:19:38 PM</td>
<td>
<a href="#" class="linked" test-id='76' id='80'>When click on login button</a>
<div class="">
<span class="badge badge-default">US_22 Add admin..TC_05 Testing the SSN part with possibilities.When click on login button</span>
</div>
</td>
</tr>
<tr class="tag-test-status" status="fail">
<td><span class="badge log fail-bg">Fail</span></td>
<td>12:20:02 PM</td>
<td>
<a href="#" class="linked" test-id='101' id='105'>When click on login button</a>
<div class="">
<span class="badge badge-default">US_22 Add admin..TC_06 Testing password requirements.When click on login button</span>
</div>
</td>
</tr>
</tbody>
</table>
</div>
</li>
</ul>
</div>
</div>
<div class="test-content scrollable">
<div class="test-content-detail">
<div class="detail-body"></div>
</div>
</div>
</div>        </div>
      </div>
    </div>
  </div>
<script src="https://cdn.jsdelivr.net/gh/extent-framework/extent-github-cdn@d6562a79075e061305ccfdb82f01e5e195e2d307/spark/js/spark-script.js"></script>
<script type="text/javascript"></script></body>
</html>